TN:
SF:src/CollectEnvData.ts
FN:2,(anonymous_0)
FN:8,(anonymous_1)
FN:10,(anonymous_2)
FN:22,(anonymous_3)
FN:44,(anonymous_4)
FN:49,(anonymous_5)
FN:52,(anonymous_6)
FN:58,(anonymous_7)
FN:116,(anonymous_8)
FNF:9
FNH:0
FNDA:0,(anonymous_0)
FNDA:0,(anonymous_1)
FNDA:0,(anonymous_2)
FNDA:0,(anonymous_3)
FNDA:0,(anonymous_4)
FNDA:0,(anonymous_5)
FNDA:0,(anonymous_6)
FNDA:0,(anonymous_7)
FNDA:0,(anonymous_8)
DA:2,0
DA:3,0
DA:5,0
DA:6,0
DA:7,0
DA:8,0
DA:9,0
DA:10,0
DA:22,0
DA:24,0
DA:25,0
DA:26,0
DA:27,0
DA:28,0
DA:30,0
DA:31,0
DA:42,0
DA:44,0
DA:45,0
DA:46,0
DA:53,0
DA:54,0
DA:56,0
DA:60,0
DA:61,0
DA:62,0
DA:63,0
DA:64,0
DA:65,0
DA:66,0
DA:67,0
DA:68,0
DA:69,0
DA:72,0
DA:73,0
DA:74,0
DA:76,0
DA:77,0
DA:114,0
DA:115,0
DA:116,0
DA:117,0
LF:42
LH:0
BRDA:2,0,0,0
BRDA:2,0,1,0
BRDA:2,0,2,0
BRDA:3,1,0,0
BRDA:3,1,1,0
BRDA:3,2,0,0
BRDA:3,2,1,0
BRDA:27,3,0,0
BRDA:27,3,1,0
BRDA:38,4,0,0
BRDA:38,4,1,0
BRDA:38,5,0,0
BRDA:38,5,1,0
BRDA:53,6,0,0
BRDA:53,6,1,0
BRDA:69,7,0,0
BRDA:69,7,1,0
BRDA:69,8,0,0
BRDA:69,8,1,0
BRDA:72,9,0,0
BRDA:72,9,1,0
BRDA:72,10,0,0
BRDA:72,10,1,0
BRDA:73,11,0,0
BRDA:73,11,1,0
BRDA:73,12,0,0
BRDA:73,12,1,0
BRDA:74,13,0,0
BRDA:74,13,1,0
BRDA:74,14,0,0
BRDA:74,14,1,0
BRF:31
BRH:0
end_of_record
TN:
SF:src/index.ts
FN:2,(anonymous_0)
FN:28,(anonymous_1)
FN:38,(anonymous_2)
FN:49,(anonymous_3)
FN:51,(anonymous_4)
FN:53,(anonymous_5)
FN:55,(anonymous_6)
FN:57,(anonymous_7)
FN:59,(anonymous_8)
FN:66,(anonymous_9)
FN:78,(anonymous_10)
FN:87,(anonymous_11)
FN:97,(anonymous_12)
FN:102,(anonymous_13)
FN:107,(anonymous_14)
FN:112,(anonymous_15)
FN:124,(anonymous_16)
FN:134,(anonymous_17)
FN:137,(anonymous_18)
FN:145,(anonymous_19)
FN:149,(anonymous_20)
FN:162,(anonymous_21)
FN:165,(anonymous_22)
FN:168,(anonymous_23)
FN:174,(anonymous_24)
FN:185,(anonymous_25)
FN:188,(anonymous_26)
FN:192,(anonymous_27)
FN:193,(anonymous_28)
FN:198,(anonymous_29)
FNF:30
FNH:0
FNDA:0,(anonymous_0)
FNDA:0,(anonymous_1)
FNDA:0,(anonymous_2)
FNDA:0,(anonymous_3)
FNDA:0,(anonymous_4)
FNDA:0,(anonymous_5)
FNDA:0,(anonymous_6)
FNDA:0,(anonymous_7)
FNDA:0,(anonymous_8)
FNDA:0,(anonymous_9)
FNDA:0,(anonymous_10)
FNDA:0,(anonymous_11)
FNDA:0,(anonymous_12)
FNDA:0,(anonymous_13)
FNDA:0,(anonymous_14)
FNDA:0,(anonymous_15)
FNDA:0,(anonymous_16)
FNDA:0,(anonymous_17)
FNDA:0,(anonymous_18)
FNDA:0,(anonymous_19)
FNDA:0,(anonymous_20)
FNDA:0,(anonymous_21)
FNDA:0,(anonymous_22)
FNDA:0,(anonymous_23)
FNDA:0,(anonymous_24)
FNDA:0,(anonymous_25)
FNDA:0,(anonymous_26)
FNDA:0,(anonymous_27)
FNDA:0,(anonymous_28)
FNDA:0,(anonymous_29)
DA:2,0
DA:3,0
DA:5,0
DA:6,0
DA:7,0
DA:8,0
DA:9,0
DA:10,0
DA:11,0
DA:12,0
DA:13,0
DA:14,0
DA:15,0
DA:16,0
DA:17,0
DA:18,0
DA:19,0
DA:20,0
DA:21,0
DA:22,0
DA:23,0
DA:24,0
DA:25,0
DA:26,0
DA:27,0
DA:28,0
DA:30,0
DA:38,0
DA:39,0
DA:40,0
DA:41,0
DA:42,0
DA:43,0
DA:48,0
DA:49,0
DA:50,0
DA:51,0
DA:52,0
DA:53,0
DA:54,0
DA:55,0
DA:56,0
DA:57,0
DA:58,0
DA:59,0
DA:60,0
DA:63,0
DA:64,0
DA:66,0
DA:69,0
DA:71,0
DA:72,0
DA:73,0
DA:74,0
DA:75,0
DA:76,0
DA:77,0
DA:78,0
DA:79,0
DA:80,0
DA:81,0
DA:83,0
DA:84,0
DA:85,0
DA:87,0
DA:88,0
DA:89,0
DA:93,0
DA:97,0
DA:102,0
DA:107,0
DA:110,0
DA:111,0
DA:112,0
DA:114,0
DA:115,0
DA:116,0
DA:117,0
DA:120,0
DA:123,0
DA:124,0
DA:126,0
DA:134,0
DA:135,0
DA:137,0
DA:139,0
DA:140,0
DA:141,0
DA:142,0
DA:143,0
DA:144,0
DA:145,0
DA:146,0
DA:147,0
DA:149,0
DA:150,0
DA:151,0
DA:152,0
DA:153,0
DA:154,0
DA:156,0
DA:159,0
DA:162,0
DA:163,0
DA:165,0
DA:166,0
DA:168,0
DA:170,0
DA:171,0
DA:173,0
DA:174,0
DA:175,0
DA:178,0
DA:179,0
DA:180,0
DA:181,0
DA:182,0
DA:184,0
DA:185,0
DA:186,0
DA:187,0
DA:188,0
DA:190,0
DA:192,0
DA:193,0
DA:195,0
DA:197,0
DA:198,0
DA:200,0
DA:204,0
DA:206,0
DA:207,0
DA:208,0
LF:133
LH:0
BRDA:2,0,0,0
BRDA:2,0,1,0
BRDA:2,0,2,0
BRDA:3,1,0,0
BRDA:3,1,1,0
BRDA:3,2,0,0
BRDA:3,2,1,0
BRDA:31,3,0,0
BRDA:31,3,1,0
BRDA:31,4,0,0
BRDA:31,4,1,0
BRDA:31,5,0,0
BRDA:31,5,1,0
BRDA:31,6,0,0
BRDA:31,6,1,0
BRDA:32,7,0,0
BRDA:32,7,1,0
BRDA:32,8,0,0
BRDA:32,8,1,0
BRDA:32,9,0,0
BRDA:32,9,1,0
BRDA:32,10,0,0
BRDA:32,10,1,0
BRDA:33,11,0,0
BRDA:33,11,1,0
BRDA:33,12,0,0
BRDA:33,12,1,0
BRDA:33,13,0,0
BRDA:33,13,1,0
BRDA:33,14,0,0
BRDA:33,14,1,0
BRDA:34,15,0,0
BRDA:34,15,1,0
BRDA:34,16,0,0
BRDA:34,16,1,0
BRDA:34,17,0,0
BRDA:34,17,1,0
BRDA:34,18,0,0
BRDA:34,18,1,0
BRDA:35,19,0,0
BRDA:35,19,1,0
BRDA:35,20,0,0
BRDA:35,20,1,0
BRDA:35,21,0,0
BRDA:35,21,1,0
BRDA:35,22,0,0
BRDA:35,22,1,0
BRDA:38,23,0,0
BRDA:40,24,0,0
BRDA:40,24,1,0
BRDA:40,25,0,0
BRDA:40,25,1,0
BRDA:41,26,0,0
BRDA:41,26,1,0
BRDA:41,27,0,0
BRDA:41,27,1,0
BRDA:42,28,0,0
BRDA:42,28,1,0
BRDA:42,29,0,0
BRDA:42,29,1,0
BRDA:42,30,0,0
BRDA:42,30,1,0
BRDA:43,31,0,0
BRDA:43,31,1,0
BRDA:43,32,0,0
BRDA:43,32,1,0
BRDA:49,33,0,0
BRDA:49,33,1,0
BRDA:49,34,0,0
BRDA:49,34,1,0
BRDA:50,35,0,0
BRDA:50,35,1,0
BRDA:50,36,0,0
BRDA:50,36,1,0
BRDA:51,37,0,0
BRDA:51,37,1,0
BRDA:51,38,0,0
BRDA:51,38,1,0
BRDA:52,39,0,0
BRDA:52,39,1,0
BRDA:52,40,0,0
BRDA:52,40,1,0
BRDA:53,41,0,0
BRDA:53,41,1,0
BRDA:53,42,0,0
BRDA:53,42,1,0
BRDA:54,43,0,0
BRDA:54,43,1,0
BRDA:54,44,0,0
BRDA:54,44,1,0
BRDA:55,45,0,0
BRDA:55,45,1,0
BRDA:55,46,0,0
BRDA:55,46,1,0
BRDA:56,47,0,0
BRDA:56,47,1,0
BRDA:56,48,0,0
BRDA:56,48,1,0
BRDA:57,49,0,0
BRDA:57,49,1,0
BRDA:57,50,0,0
BRDA:57,50,1,0
BRDA:58,51,0,0
BRDA:58,51,1,0
BRDA:58,52,0,0
BRDA:58,52,1,0
BRDA:59,53,0,0
BRDA:59,53,1,0
BRDA:59,54,0,0
BRDA:59,54,1,0
BRDA:79,55,0,0
BRDA:79,55,1,0
BRDA:83,56,0,0
BRDA:83,56,1,0
BRDA:88,57,0,0
BRDA:88,57,1,0
BRDA:110,58,0,0
BRDA:110,58,1,0
BRDA:123,59,0,0
BRDA:123,59,1,0
BRDA:152,60,0,0
BRDA:152,60,1,0
BRDA:173,61,0,0
BRDA:173,61,1,0
BRDA:185,62,0,0
BRDA:185,63,0,0
BRDA:185,63,1,0
BRDA:197,64,0,0
BRDA:197,64,1,0
BRDA:207,65,0,0
BRDA:207,65,1,0
BRF:131
BRH:0
end_of_record
TN:
SF:src/swagger.ts
FN:2,(anonymous_0)
FN:1220,(anonymous_1)
FN:1222,(anonymous_2)
FNF:3
FNH:0
FNDA:0,(anonymous_0)
FNDA:0,(anonymous_1)
FNDA:0,(anonymous_2)
DA:2,0
DA:3,0
DA:5,0
DA:6,0
DA:7,0
DA:8,0
DA:1220,0
DA:1221,0
DA:1222,0
DA:1223,0
DA:1226,0
LF:11
LH:0
BRDA:2,0,0,0
BRDA:2,0,1,0
BRDA:2,0,2,0
BRDA:3,1,0,0
BRDA:3,1,1,0
BRDA:3,2,0,0
BRDA:3,2,1,0
BRF:7
BRH:0
end_of_record
TN:
SF:src/db/schema.dev.ts
FN:15,(anonymous_0)
FN:19,(anonymous_1)
FN:28,(anonymous_2)
FNF:3
FNH:0
FNDA:0,(anonymous_0)
FNDA:0,(anonymous_1)
FNDA:0,(anonymous_2)
DA:2,0
DA:3,0
DA:5,0
DA:14,0
DA:16,0
DA:17,0
DA:21,0
DA:22,0
DA:23,0
DA:24,0
DA:25,0
DA:30,0
DA:32,0
DA:38,0
DA:46,0
DA:52,0
DA:60,0
DA:64,0
DA:70,0
DA:80,0
DA:84,0
DA:87,0
DA:93,0
DA:109,0
DA:114,0
DA:118,0
DA:127,0
DA:131,0
DA:135,0
DA:139,0
DA:144,0
DA:150,0
DA:156,0
DA:168,0
DA:171,0
DA:174,0
LF:36
LH:0
BRF:0
BRH:0
end_of_record
TN:
SF:src/db/types.ts
FNF:0
FNH:0
DA:2,0
LF:1
LH:0
BRF:0
BRH:0
end_of_record
TN:
SF:src/metrics/latency.ts
FN:11,latencyCollector
FN:12,latencyMiddleware
FN:15,(anonymous_2)
FN:32,(anonymous_3)
FN:33,(anonymous_4)
FNF:5
FNH:0
FNDA:0,latencyCollector
FNDA:0,latencyMiddleware
FNDA:0,(anonymous_2)
FNDA:0,(anonymous_3)
FNDA:0,(anonymous_4)
DA:2,0
DA:3,0
DA:4,0
DA:5,0
DA:6,0
DA:12,0
DA:13,0
DA:14,0
DA:15,0
DA:16,0
DA:17,0
DA:18,0
DA:20,0
DA:21,0
DA:23,0
DA:25,0
DA:26,0
DA:27,0
DA:28,0
DA:32,0
DA:33,0
DA:34,0
LF:22
LH:0
BRDA:16,0,0,0
BRDA:16,0,1,0
BRDA:21,1,0,0
BRDA:21,1,1,0
BRF:4
BRH:0
end_of_record
TN:
SF:src/metrics/latencyStats.ts
FN:5,(anonymous_0)
FN:8,(anonymous_1)
FN:26,(anonymous_2)
FN:34,(anonymous_3)
FNF:4
FNH:0
FNDA:0,(anonymous_0)
FNDA:0,(anonymous_1)
FNDA:0,(anonymous_2)
FNDA:0,(anonymous_3)
DA:2,0
DA:3,0
DA:6,0
DA:9,0
DA:10,0
DA:11,0
DA:17,0
DA:19,0
DA:20,0
DA:21,0
DA:23,0
DA:24,0
DA:28,0
DA:29,0
DA:30,0
DA:32,0
DA:35,0
DA:38,0
DA:40,0
LF:19
LH:0
BRDA:10,0,0,0
BRDA:10,0,1,0
BRF:2
BRH:0
end_of_record
TN:
SF:src/metrics/paramGrouper.ts
FN:5,(anonymous_0)
FN:8,(anonymous_1)
FN:19,(anonymous_2)
FN:39,(anonymous_3)
FN:44,(anonymous_4)
FN:48,(anonymous_5)
FNF:6
FNH:0
FNDA:0,(anonymous_0)
FNDA:0,(anonymous_1)
FNDA:0,(anonymous_2)
FNDA:0,(anonymous_3)
FNDA:0,(anonymous_4)
FNDA:0,(anonymous_5)
DA:2,0
DA:3,0
DA:6,0
DA:9,0
DA:20,0
DA:22,0
DA:23,0
DA:25,0
DA:28,0
DA:29,0
DA:30,0
DA:31,0
DA:32,0
DA:33,0
DA:37,0
DA:41,0
DA:42,0
DA:48,0
DA:49,0
DA:50,0
DA:51,0
DA:53,0
DA:57,0
DA:58,0
LF:24
LH:0
BRDA:11,0,0,0
BRDA:11,0,1,0
BRDA:23,1,0,0
BRDA:23,1,1,0
BRDA:29,2,0,0
BRDA:29,2,1,0
BRDA:29,3,0,0
BRDA:29,3,1,0
BRDA:31,4,0,0
BRDA:31,4,1,0
BRDA:41,5,0,0
BRDA:41,5,1,0
BRDA:41,6,0,0
BRDA:41,6,1,0
BRDA:41,7,0,0
BRDA:41,7,1,0
BRDA:41,8,0,0
BRDA:41,8,1,0
BRDA:41,9,0,0
BRDA:41,9,1,0
BRDA:42,10,0,0
BRDA:42,10,1,0
BRDA:49,11,0,0
BRDA:49,11,1,0
BRDA:51,12,0,0
BRDA:51,12,1,0
BRDA:51,13,0,0
BRDA:51,13,1,0
BRF:28
BRH:0
end_of_record
TN:
SF:src/renderer/services/TesterGenerator.ts
FN:13,(anonymous_0)
FN:16,(anonymous_1)
FN:27,(anonymous_2)
FN:125,(anonymous_3)
FN:127,(anonymous_4)
FN:128,(anonymous_5)
FN:132,(anonymous_6)
FN:134,(anonymous_7)
FN:135,(anonymous_8)
FN:139,(anonymous_9)
FN:141,(anonymous_10)
FN:142,(anonymous_11)
FN:143,(anonymous_12)
FN:144,(anonymous_13)
FN:145,(anonymous_14)
FN:146,(anonymous_15)
FN:149,(anonymous_16)
FN:152,(anonymous_17)
FN:154,(anonymous_18)
FN:156,(anonymous_19)
FN:165,(anonymous_20)
FN:172,(anonymous_21)
FN:178,(anonymous_22)
FN:183,(anonymous_23)
FN:187,(anonymous_24)
FN:192,(anonymous_25)
FN:200,(anonymous_26)
FN:205,(anonymous_27)
FN:212,(anonymous_28)
FN:217,(anonymous_29)
FN:226,(anonymous_30)
FN:230,(anonymous_31)
FN:233,(anonymous_32)
FN:235,(anonymous_33)
FN:247,(anonymous_34)
FN:275,(anonymous_35)
FN:288,(anonymous_36)
FN:296,(anonymous_37)
FN:311,(anonymous_38)
FN:332,(anonymous_39)
FN:350,(anonymous_40)
FN:374,(anonymous_41)
FN:401,(anonymous_42)
FN:415,parseStringLiteral
FN:437,parseScript
FN:440,(anonymous_45)
FN:446,(anonymous_46)
FN:451,createTree
FN:455,createCategory
FN:459,createLayer
FN:463,createNode
FN:467,createConnection
FN:471,deleteConnection
FN:474,currentRepeatIndex
FN:481,currentParameters
FN:488,substitutePlaceholders
FN:500,(anonymous_56)
FN:519,parsePropsText
FN:530,(anonymous_58)
FN:550,executeCommand
FN:592,executeScripts
FN:592,(anonymous_61)
FN:614,executeScript
FNF:63
FNH:0
FNDA:0,(anonymous_0)
FNDA:0,(anonymous_1)
FNDA:0,(anonymous_2)
FNDA:0,(anonymous_3)
FNDA:0,(anonymous_4)
FNDA:0,(anonymous_5)
FNDA:0,(anonymous_6)
FNDA:0,(anonymous_7)
FNDA:0,(anonymous_8)
FNDA:0,(anonymous_9)
FNDA:0,(anonymous_10)
FNDA:0,(anonymous_11)
FNDA:0,(anonymous_12)
FNDA:0,(anonymous_13)
FNDA:0,(anonymous_14)
FNDA:0,(anonymous_15)
FNDA:0,(anonymous_16)
FNDA:0,(anonymous_17)
FNDA:0,(anonymous_18)
FNDA:0,(anonymous_19)
FNDA:0,(anonymous_20)
FNDA:0,(anonymous_21)
FNDA:0,(anonymous_22)
FNDA:0,(anonymous_23)
FNDA:0,(anonymous_24)
FNDA:0,(anonymous_25)
FNDA:0,(anonymous_26)
FNDA:0,(anonymous_27)
FNDA:0,(anonymous_28)
FNDA:0,(anonymous_29)
FNDA:0,(anonymous_30)
FNDA:0,(anonymous_31)
FNDA:0,(anonymous_32)
FNDA:0,(anonymous_33)
FNDA:0,(anonymous_34)
FNDA:0,(anonymous_35)
FNDA:0,(anonymous_36)
FNDA:0,(anonymous_37)
FNDA:0,(anonymous_38)
FNDA:0,(anonymous_39)
FNDA:0,(anonymous_40)
FNDA:0,(anonymous_41)
FNDA:0,(anonymous_42)
FNDA:0,parseStringLiteral
FNDA:0,parseScript
FNDA:0,(anonymous_45)
FNDA:0,(anonymous_46)
FNDA:0,createTree
FNDA:0,createCategory
FNDA:0,createLayer
FNDA:0,createNode
FNDA:0,createConnection
FNDA:0,deleteConnection
FNDA:0,currentRepeatIndex
FNDA:0,currentParameters
FNDA:0,substitutePlaceholders
FNDA:0,(anonymous_56)
FNDA:0,parsePropsText
FNDA:0,(anonymous_58)
FNDA:0,executeCommand
FNDA:0,executeScripts
FNDA:0,(anonymous_61)
FNDA:0,executeScript
DA:2,0
DA:3,0
DA:4,0
DA:5,0
DA:6,0
DA:7,0
DA:8,0
DA:9,0
DA:10,0
DA:11,0
DA:12,0
DA:13,0
DA:14,0
DA:16,0
DA:17,0
DA:18,0
DA:20,0
DA:21,0
DA:24,0
DA:27,0
DA:28,0
DA:29,0
DA:31,0
DA:32,0
DA:35,0
DA:40,0
DA:44,0
DA:48,0
DA:52,0
DA:56,0
DA:60,0
DA:64,0
DA:68,0
DA:72,0
DA:76,0
DA:80,0
DA:84,0
DA:88,0
DA:92,0
DA:96,0
DA:100,0
DA:104,0
DA:123,0
DA:126,0
DA:127,0
DA:128,0
DA:129,0
DA:132,0
DA:133,0
DA:134,0
DA:135,0
DA:137,0
DA:139,0
DA:140,0
DA:141,0
DA:142,0
DA:143,0
DA:144,0
DA:145,0
DA:146,0
DA:149,0
DA:150,0
DA:151,0
DA:152,0
DA:153,0
DA:154,0
DA:155,0
DA:156,0
DA:157,0
DA:158,0
DA:161,0
DA:163,0
DA:165,0
DA:166,0
DA:167,0
DA:168,0
DA:169,0
DA:170,0
DA:172,0
DA:173,0
DA:174,0
DA:175,0
DA:176,0
DA:177,0
DA:178,0
DA:179,0
DA:180,0
DA:183,0
DA:184,0
DA:185,0
DA:186,0
DA:187,0
DA:188,0
DA:189,0
DA:192,0
DA:193,0
DA:194,0
DA:195,0
DA:196,0
DA:197,0
DA:198,0
DA:199,0
DA:200,0
DA:201,0
DA:202,0
DA:205,0
DA:206,0
DA:207,0
DA:208,0
DA:209,0
DA:210,0
DA:211,0
DA:212,0
DA:213,0
DA:214,0
DA:217,0
DA:218,0
DA:219,0
DA:221,0
DA:224,0
DA:227,0
DA:228,0
DA:232,0
DA:233,0
DA:237,0
DA:238,0
DA:239,0
DA:241,0
DA:242,0
DA:243,0
DA:245,0
DA:249,0
DA:250,0
DA:251,0
DA:253,0
DA:254,0
DA:255,0
DA:257,0
DA:258,0
DA:259,0
DA:261,0
DA:262,0
DA:263,0
DA:265,0
DA:266,0
DA:267,0
DA:269,0
DA:270,0
DA:271,0
DA:273,0
DA:277,0
DA:278,0
DA:279,0
DA:280,0
DA:282,0
DA:283,0
DA:284,0
DA:286,0
DA:287,0
DA:288,0
DA:289,0
DA:298,0
DA:299,0
DA:300,0
DA:301,0
DA:303,0
DA:304,0
DA:305,0
DA:313,0
DA:314,0
DA:315,0
DA:316,0
DA:317,0
DA:319,0
DA:320,0
DA:322,0
DA:323,0
DA:325,0
DA:334,0
DA:335,0
DA:336,0
DA:337,0
DA:339,0
DA:341,0
DA:342,0
DA:344,0
DA:352,0
DA:353,0
DA:354,0
DA:355,0
DA:356,0
DA:357,0
DA:359,0
DA:360,0
DA:361,0
DA:363,0
DA:364,0
DA:366,0
DA:376,0
DA:377,0
DA:378,0
DA:379,0
DA:380,0
DA:381,0
DA:382,0
DA:384,0
DA:385,0
DA:386,0
DA:387,0
DA:389,0
DA:390,0
DA:392,0
DA:403,0
DA:404,0
DA:405,0
DA:407,0
DA:408,0
DA:414,0
DA:416,0
DA:417,0
DA:418,0
DA:420,0
DA:421,0
DA:422,0
DA:424,0
DA:425,0
DA:426,0
DA:428,0
DA:429,0
DA:430,0
DA:433,0
DA:434,0
DA:438,0
DA:439,0
DA:440,0
DA:441,0
DA:443,0
DA:444,0
DA:445,0
DA:446,0
DA:447,0
DA:449,0
DA:452,0
DA:453,0
DA:456,0
DA:457,0
DA:460,0
DA:461,0
DA:464,0
DA:465,0
DA:468,0
DA:469,0
DA:472,0
DA:475,0
DA:476,0
DA:477,0
DA:479,0
DA:482,0
DA:483,0
DA:484,0
DA:486,0
DA:489,0
DA:490,0
DA:492,0
DA:493,0
DA:494,0
DA:495,0
DA:496,0
DA:498,0
DA:500,0
DA:501,0
DA:502,0
DA:503,0
DA:505,0
DA:506,0
DA:507,0
DA:508,0
DA:510,0
DA:512,0
DA:513,0
DA:514,0
DA:516,0
DA:520,0
DA:521,0
DA:522,0
DA:523,0
DA:526,0
DA:527,0
DA:530,0
DA:531,0
DA:533,0
DA:535,0
DA:537,0
DA:539,0
DA:541,0
DA:543,0
DA:545,0
DA:547,0
DA:551,0
DA:553,0
DA:554,0
DA:556,0
DA:557,0
DA:559,0
DA:560,0
DA:562,0
DA:563,0
DA:565,0
DA:566,0
DA:568,0
DA:569,0
DA:571,0
DA:572,0
DA:573,0
DA:574,0
DA:575,0
DA:576,0
DA:579,0
DA:584,0
DA:586,0
DA:589,0
DA:592,0
DA:593,0
DA:594,0
DA:595,0
DA:596,0
DA:597,0
DA:598,0
DA:599,0
DA:600,0
DA:601,0
DA:603,0
DA:606,0
DA:607,0
DA:608,0
DA:611,0
DA:615,0
LF:337
LH:0
BRDA:17,0,0,0
BRDA:17,0,1,0
BRDA:28,1,0,0
BRDA:28,1,1,0
BRDA:232,2,0,0
BRDA:232,2,1,0
BRDA:232,3,0,0
BRDA:232,3,1,0
BRDA:237,4,0,0
BRDA:237,4,1,0
BRDA:237,5,0,0
BRDA:237,5,1,0
BRDA:238,6,0,0
BRDA:238,6,1,0
BRDA:241,7,0,0
BRDA:241,7,1,0
BRDA:241,8,0,0
BRDA:241,8,1,0
BRDA:242,9,0,0
BRDA:242,9,1,0
BRDA:249,10,0,0
BRDA:249,10,1,0
BRDA:249,11,0,0
BRDA:249,11,1,0
BRDA:250,12,0,0
BRDA:250,12,1,0
BRDA:253,13,0,0
BRDA:253,13,1,0
BRDA:253,14,0,0
BRDA:253,14,1,0
BRDA:254,15,0,0
BRDA:254,15,1,0
BRDA:257,16,0,0
BRDA:257,16,1,0
BRDA:257,17,0,0
BRDA:257,17,1,0
BRDA:258,18,0,0
BRDA:258,18,1,0
BRDA:261,19,0,0
BRDA:261,19,1,0
BRDA:261,20,0,0
BRDA:261,20,1,0
BRDA:262,21,0,0
BRDA:262,21,1,0
BRDA:265,22,0,0
BRDA:265,22,1,0
BRDA:265,23,0,0
BRDA:265,23,1,0
BRDA:266,24,0,0
BRDA:266,24,1,0
BRDA:269,25,0,0
BRDA:269,25,1,0
BRDA:269,26,0,0
BRDA:269,26,1,0
BRDA:270,27,0,0
BRDA:270,27,1,0
BRDA:277,28,0,0
BRDA:277,28,1,0
BRDA:277,29,0,0
BRDA:277,29,1,0
BRDA:278,30,0,0
BRDA:278,30,1,0
BRDA:278,31,0,0
BRDA:278,31,1,0
BRDA:279,32,0,0
BRDA:279,32,1,0
BRDA:279,33,0,0
BRDA:279,33,1,0
BRDA:283,34,0,0
BRDA:283,34,1,0
BRDA:283,35,0,0
BRDA:283,35,1,0
BRDA:287,36,0,0
BRDA:287,36,1,0
BRDA:287,37,0,0
BRDA:287,37,1,0
BRDA:298,38,0,0
BRDA:298,38,1,0
BRDA:298,39,0,0
BRDA:298,39,1,0
BRDA:299,40,0,0
BRDA:299,40,1,0
BRDA:299,41,0,0
BRDA:299,41,1,0
BRDA:300,42,0,0
BRDA:300,42,1,0
BRDA:300,43,0,0
BRDA:300,43,1,0
BRDA:313,44,0,0
BRDA:313,44,1,0
BRDA:313,45,0,0
BRDA:313,45,1,0
BRDA:314,46,0,0
BRDA:314,46,1,0
BRDA:314,47,0,0
BRDA:314,47,1,0
BRDA:315,48,0,0
BRDA:315,48,1,0
BRDA:315,49,0,0
BRDA:315,49,1,0
BRDA:316,50,0,0
BRDA:316,50,1,0
BRDA:316,51,0,0
BRDA:316,51,1,0
BRDA:322,52,0,0
BRDA:322,52,1,0
BRDA:334,53,0,0
BRDA:334,53,1,0
BRDA:334,54,0,0
BRDA:334,54,1,0
BRDA:335,55,0,0
BRDA:335,55,1,0
BRDA:335,56,0,0
BRDA:335,56,1,0
BRDA:336,57,0,0
BRDA:336,57,1,0
BRDA:341,58,0,0
BRDA:341,58,1,0
BRDA:352,59,0,0
BRDA:352,59,1,0
BRDA:352,60,0,0
BRDA:352,60,1,0
BRDA:353,61,0,0
BRDA:353,61,1,0
BRDA:353,62,0,0
BRDA:353,62,1,0
BRDA:354,63,0,0
BRDA:354,63,1,0
BRDA:354,64,0,0
BRDA:354,64,1,0
BRDA:355,65,0,0
BRDA:355,65,1,0
BRDA:355,66,0,0
BRDA:355,66,1,0
BRDA:356,67,0,0
BRDA:356,67,1,0
BRDA:356,68,0,0
BRDA:356,68,1,0
BRDA:356,68,2,0
BRDA:363,69,0,0
BRDA:363,69,1,0
BRDA:376,70,0,0
BRDA:376,70,1,0
BRDA:376,71,0,0
BRDA:376,71,1,0
BRDA:377,72,0,0
BRDA:377,72,1,0
BRDA:377,73,0,0
BRDA:377,73,1,0
BRDA:378,74,0,0
BRDA:378,74,1,0
BRDA:378,75,0,0
BRDA:378,75,1,0
BRDA:379,76,0,0
BRDA:379,76,1,0
BRDA:379,77,0,0
BRDA:379,77,1,0
BRDA:380,78,0,0
BRDA:380,78,1,0
BRDA:380,79,0,0
BRDA:380,79,1,0
BRDA:381,80,0,0
BRDA:381,80,1,0
BRDA:381,81,0,0
BRDA:381,81,1,0
BRDA:381,81,2,0
BRDA:381,81,3,0
BRDA:389,82,0,0
BRDA:389,82,1,0
BRDA:403,83,0,0
BRDA:403,83,1,0
BRDA:403,84,0,0
BRDA:403,84,1,0
BRDA:404,85,0,0
BRDA:404,85,1,0
BRDA:417,86,0,0
BRDA:417,86,1,0
BRDA:421,87,0,0
BRDA:421,87,1,0
BRDA:421,88,0,0
BRDA:421,88,1,0
BRDA:425,89,0,0
BRDA:425,89,1,0
BRDA:433,90,0,0
BRDA:433,90,1,0
BRDA:439,91,0,0
BRDA:439,91,1,0
BRDA:445,92,0,0
BRDA:445,92,1,0
BRDA:476,93,0,0
BRDA:476,93,1,0
BRDA:483,94,0,0
BRDA:483,94,1,0
BRDA:489,95,0,0
BRDA:489,95,1,0
BRDA:493,96,0,0
BRDA:493,96,1,0
BRDA:495,97,0,0
BRDA:495,97,1,0
BRDA:502,98,0,0
BRDA:502,98,1,0
BRDA:505,99,0,0
BRDA:505,99,1,0
BRDA:507,100,0,0
BRDA:507,100,1,0
BRDA:513,101,0,0
BRDA:513,101,1,0
BRDA:513,102,0,0
BRDA:513,102,1,0
BRDA:520,103,0,0
BRDA:520,103,1,0
BRDA:520,104,0,0
BRDA:520,104,1,0
BRDA:526,105,0,0
BRDA:526,105,1,0
BRDA:531,106,0,0
BRDA:531,106,1,0
BRDA:531,106,2,0
BRDA:531,106,3,0
BRDA:531,106,4,0
BRDA:531,106,5,0
BRDA:531,106,6,0
BRDA:531,106,7,0
BRDA:551,107,0,0
BRDA:551,107,1,0
BRDA:551,107,2,0
BRDA:551,107,3,0
BRDA:551,107,4,0
BRDA:551,107,5,0
BRDA:551,107,6,0
BRDA:551,107,7,0
BRDA:592,108,0,0
BRDA:606,109,0,0
BRDA:606,109,1,0
BRF:234
BRH:0
end_of_record
TN:
SF:src/repositories/CategoryRepository.ts
FN:5,(anonymous_0)
FN:8,(anonymous_1)
FN:21,(anonymous_2)
FN:28,(anonymous_3)
FN:35,(anonymous_4)
FN:47,(anonymous_5)
FN:71,(anonymous_6)
FNF:7
FNH:5
FNDA:7,(anonymous_0)
FNDA:3,(anonymous_1)
FNDA:0,(anonymous_2)
FNDA:0,(anonymous_3)
FNDA:1,(anonymous_4)
FNDA:2,(anonymous_5)
FNDA:1,(anonymous_6)
DA:2,1
DA:3,1
DA:6,7
DA:9,3
DA:10,3
DA:11,1
DA:13,2
DA:14,1
DA:17,1
DA:19,2
DA:22,0
DA:29,0
DA:37,1
DA:48,2
DA:49,2
DA:50,1
DA:52,2
DA:53,0
DA:55,2
DA:56,2
DA:57,1
DA:59,1
DA:61,1
DA:62,0
DA:64,1
DA:72,1
DA:75,1
LF:27
LH:23
BRDA:10,0,0,1
BRDA:10,0,1,2
BRDA:13,1,0,1
BRDA:13,1,1,1
BRDA:42,2,0,1
BRDA:42,2,1,0
BRDA:42,3,0,1
BRDA:42,3,1,1
BRDA:49,4,0,1
BRDA:49,4,1,1
BRDA:52,5,0,0
BRDA:52,5,1,2
BRDA:55,6,0,2
BRDA:55,6,1,0
BRDA:56,7,0,1
BRDA:56,7,1,1
BRDA:61,8,0,0
BRDA:61,8,1,1
BRF:18
BRH:14
end_of_record
TN:
SF:src/repositories/EdgeRepository.ts
FN:5,(anonymous_0)
FN:8,(anonymous_1)
FN:11,(anonymous_2)
FN:19,(anonymous_3)
FN:22,(anonymous_4)
FN:36,(anonymous_5)
FN:52,(anonymous_6)
FNF:7
FNH:7
FNDA:6,(anonymous_0)
FNDA:1,(anonymous_1)
FNDA:1,(anonymous_2)
FNDA:1,(anonymous_3)
FNDA:1,(anonymous_4)
FNDA:1,(anonymous_5)
FNDA:1,(anonymous_6)
DA:2,1
DA:3,1
DA:6,6
DA:9,1
DA:12,1
DA:20,1
DA:24,1
DA:37,1
DA:38,0
DA:40,1
DA:41,1
DA:42,1
DA:43,0
DA:45,1
DA:53,1
DA:56,1
LF:16
LH:14
BRDA:31,0,0,1
BRDA:31,0,1,0
BRDA:31,1,0,1
BRDA:31,1,1,1
BRDA:37,2,0,0
BRDA:37,2,1,1
BRDA:42,3,0,0
BRDA:42,3,1,1
BRF:8
BRH:5
end_of_record
TN:
SF:src/repositories/LayerRepository.ts
FN:5,(anonymous_0)
FN:8,(anonymous_1)
FN:11,(anonymous_2)
FN:14,(anonymous_3)
FN:21,(anonymous_4)
FN:29,(anonymous_5)
FNF:6
FNH:6
FNDA:5,(anonymous_0)
FNDA:1,(anonymous_1)
FNDA:1,(anonymous_2)
FNDA:1,(anonymous_3)
FNDA:1,(anonymous_4)
FNDA:1,(anonymous_5)
DA:2,1
DA:3,1
DA:6,5
DA:9,1
DA:12,1
DA:15,1
DA:22,1
DA:30,1
DA:33,1
LF:9
LH:9
BRF:0
BRH:0
end_of_record
TN:
SF:src/repositories/NodeRepository.ts
FN:6,(anonymous_0)
FN:9,(anonymous_1)
FN:18,(anonymous_2)
FN:19,(anonymous_3)
FN:44,(anonymous_4)
FN:53,(anonymous_5)
FN:59,(anonymous_6)
FN:81,(anonymous_7)
FN:89,(anonymous_8)
FN:99,(anonymous_9)
FN:120,(anonymous_10)
FN:132,(anonymous_11)
FN:137,(anonymous_12)
FN:152,(anonymous_13)
FN:157,(anonymous_14)
FN:160,(anonymous_15)
FN:191,(anonymous_16)
FN:201,(anonymous_17)
FN:211,(anonymous_18)
FN:217,(anonymous_19)
FN:226,(anonymous_20)
FN:232,(anonymous_21)
FN:239,(anonymous_22)
FN:258,(anonymous_23)
FN:259,(anonymous_24)
FN:277,(anonymous_25)
FN:283,(anonymous_26)
FN:289,(anonymous_27)
FN:297,(anonymous_28)
FN:300,(anonymous_29)
FNF:30
FNH:21
FNDA:8,(anonymous_0)
FNDA:1,(anonymous_1)
FNDA:2,(anonymous_2)
FNDA:2,(anonymous_3)
FNDA:1,(anonymous_4)
FNDA:2,(anonymous_5)
FNDA:2,(anonymous_6)
FNDA:1,(anonymous_7)
FNDA:0,(anonymous_8)
FNDA:0,(anonymous_9)
FNDA:0,(anonymous_10)
FNDA:0,(anonymous_11)
FNDA:1,(anonymous_12)
FNDA:0,(anonymous_13)
FNDA:2,(anonymous_14)
FNDA:2,(anonymous_15)
FNDA:1,(anonymous_16)
FNDA:1,(anonymous_17)
FNDA:1,(anonymous_18)
FNDA:1,(anonymous_19)
FNDA:1,(anonymous_20)
FNDA:1,(anonymous_21)
FNDA:1,(anonymous_22)
FNDA:0,(anonymous_23)
FNDA:0,(anonymous_24)
FNDA:0,(anonymous_25)
FNDA:0,(anonymous_26)
FNDA:1,(anonymous_27)
FNDA:1,(anonymous_28)
FNDA:1,(anonymous_29)
DA:2,1
DA:3,1
DA:4,1
DA:7,8
DA:10,1
DA:19,2
DA:21,2
DA:28,2
DA:29,1
DA:35,1
DA:36,0
DA:38,1
DA:39,1
DA:42,1
DA:44,1
DA:47,1
DA:48,1
DA:49,1
DA:51,2
DA:53,2
DA:57,2
DA:59,2
DA:63,2
DA:78,2
DA:82,1
DA:90,0
DA:95,0
DA:100,0
DA:101,0
DA:102,0
DA:104,0
DA:105,0
DA:107,0
DA:108,0
DA:110,0
DA:111,0
DA:112,0
DA:121,0
DA:122,0
DA:123,0
DA:124,0
DA:132,0
DA:138,1
DA:139,1
DA:140,0
DA:141,1
DA:142,1
DA:148,1
DA:149,1
DA:151,1
DA:152,1
DA:158,2
DA:159,0
DA:160,2
DA:162,2
DA:168,2
DA:169,0
DA:173,2
DA:174,1
DA:180,1
DA:181,0
DA:182,1
DA:183,1
DA:185,0
DA:186,0
DA:189,1
DA:191,1
DA:194,1
DA:195,1
DA:197,1
DA:198,1
DA:199,1
DA:201,1
DA:209,1
DA:211,1
DA:215,1
DA:217,1
DA:221,1
DA:222,1
DA:224,1
DA:226,1
DA:230,1
DA:232,1
DA:236,1
DA:237,1
DA:239,1
DA:247,1
DA:250,1
DA:259,0
DA:260,0
DA:266,0
DA:267,0
DA:268,0
DA:269,0
DA:275,0
DA:277,0
DA:281,0
DA:283,0
DA:290,1
DA:298,1
DA:301,1
DA:302,1
DA:319,1
DA:322,1
LF:104
LH:70
BRDA:21,0,0,0
BRDA:21,0,1,2
BRDA:23,1,0,1
BRDA:23,1,1,1
BRDA:28,2,0,1
BRDA:28,2,1,1
BRDA:35,3,0,0
BRDA:35,3,1,1
BRDA:47,4,0,1
BRDA:47,4,1,0
BRDA:47,5,0,1
BRDA:47,5,1,1
BRDA:47,6,0,0
BRDA:47,6,1,1
BRDA:47,7,0,1
BRDA:47,7,1,1
BRDA:69,8,0,1
BRDA:69,8,1,1
BRDA:69,9,0,2
BRDA:69,9,1,2
BRDA:71,10,0,2
BRDA:71,10,1,0
BRDA:71,11,0,2
BRDA:71,11,1,2
BRDA:95,12,0,0
BRDA:95,12,1,0
BRDA:101,13,0,0
BRDA:101,13,1,0
BRDA:104,14,0,0
BRDA:104,14,1,0
BRDA:107,15,0,0
BRDA:107,15,1,0
BRDA:110,16,0,0
BRDA:110,16,1,0
BRDA:122,17,0,0
BRDA:122,17,1,0
BRDA:139,18,0,0
BRDA:139,18,1,1
BRDA:141,19,0,0
BRDA:141,19,1,1
BRDA:141,20,0,1
BRDA:141,20,1,1
BRDA:148,21,0,1
BRDA:148,21,1,0
BRDA:158,22,0,0
BRDA:158,22,1,2
BRDA:168,23,0,0
BRDA:168,23,1,2
BRDA:173,24,0,1
BRDA:173,24,1,1
BRDA:180,25,0,0
BRDA:180,25,1,1
BRDA:182,26,0,1
BRDA:182,26,1,0
BRDA:182,27,0,1
BRDA:182,27,1,1
BRDA:194,28,0,1
BRDA:194,28,1,0
BRDA:194,29,0,1
BRDA:194,29,1,1
BRDA:194,30,0,0
BRDA:194,30,1,1
BRDA:194,31,0,1
BRDA:194,31,1,1
BRDA:221,32,0,1
BRDA:221,32,1,0
BRDA:247,33,0,0
BRDA:247,33,1,1
BRDA:266,34,0,0
BRDA:266,34,1,0
BRDA:297,35,0,0
BRF:71
BRH:40
end_of_record
TN:
SF:src/repositories/TreeRepository.ts
FN:5,(anonymous_0)
FN:8,(anonymous_1)
FN:11,(anonymous_2)
FN:18,(anonymous_3)
FN:26,(anonymous_4)
FNF:5
FNH:3
FNDA:2,(anonymous_0)
FNDA:1,(anonymous_1)
FNDA:1,(anonymous_2)
FNDA:0,(anonymous_3)
FNDA:0,(anonymous_4)
DA:2,1
DA:3,1
DA:6,2
DA:9,1
DA:12,1
DA:19,0
DA:27,0
DA:30,1
LF:8
LH:6
BRF:0
BRH:0
end_of_record
TN:
SF:src/routes/categoryRouter.ts
FN:5,(anonymous_0)
FN:7,(anonymous_1)
FN:26,(anonymous_2)
FN:51,(anonymous_3)
FN:69,(anonymous_4)
FN:108,(anonymous_5)
FNF:6
FNH:0
FNDA:0,(anonymous_0)
FNDA:0,(anonymous_1)
FNDA:0,(anonymous_2)
FNDA:0,(anonymous_3)
FNDA:0,(anonymous_4)
FNDA:0,(anonymous_5)
DA:2,0
DA:3,0
DA:4,0
DA:5,0
DA:6,0
DA:7,0
DA:8,0
DA:9,0
DA:10,0
DA:11,0
DA:12,0
DA:15,0
DA:18,0
DA:19,0
DA:20,0
DA:23,0
DA:26,0
DA:28,0
DA:29,0
DA:30,0
DA:31,0
DA:33,0
DA:34,0
DA:35,0
DA:37,0
DA:38,0
DA:39,0
DA:40,0
DA:45,0
DA:48,0
DA:51,0
DA:52,0
DA:53,0
DA:54,0
DA:55,0
DA:56,0
DA:59,0
DA:60,0
DA:61,0
DA:63,0
DA:66,0
DA:69,0
DA:71,0
DA:72,0
DA:73,0
DA:74,0
DA:75,0
DA:76,0
DA:77,0
DA:78,0
DA:80,0
DA:82,0
DA:83,0
DA:84,0
DA:85,0
DA:87,0
DA:89,0
DA:90,0
DA:92,0
DA:93,0
DA:94,0
DA:96,0
DA:97,0
DA:98,0
DA:99,0
DA:100,0
DA:102,0
DA:105,0
DA:108,0
DA:109,0
DA:110,0
DA:111,0
DA:112,0
DA:115,0
DA:118,0
DA:120,0
LF:76
LH:0
BRDA:10,0,0,0
BRDA:10,0,1,0
BRDA:11,1,0,0
BRDA:11,1,1,0
BRDA:11,2,0,0
BRDA:11,2,1,0
BRDA:11,2,2,0
BRDA:28,3,0,0
BRDA:28,3,1,0
BRDA:28,4,0,0
BRDA:28,4,1,0
BRDA:29,5,0,0
BRDA:29,5,1,0
BRDA:29,6,0,0
BRDA:29,6,1,0
BRDA:33,7,0,0
BRDA:33,7,1,0
BRDA:33,8,0,0
BRDA:33,8,1,0
BRDA:33,8,2,0
BRDA:33,8,3,0
BRDA:37,9,0,0
BRDA:37,9,1,0
BRDA:37,10,0,0
BRDA:37,10,1,0
BRDA:37,10,2,0
BRDA:54,11,0,0
BRDA:54,11,1,0
BRDA:56,12,0,0
BRDA:56,12,1,0
BRDA:59,13,0,0
BRDA:59,13,1,0
BRDA:72,14,0,0
BRDA:72,14,1,0
BRDA:72,15,0,0
BRDA:72,15,1,0
BRDA:74,16,0,0
BRDA:74,16,1,0
BRDA:76,17,0,0
BRDA:76,17,1,0
BRDA:82,18,0,0
BRDA:82,18,1,0
BRDA:83,19,0,0
BRDA:83,19,1,0
BRDA:83,20,0,0
BRDA:83,20,1,0
BRDA:83,20,2,0
BRDA:89,21,0,0
BRDA:89,21,1,0
BRDA:90,22,0,0
BRDA:90,22,1,0
BRDA:90,23,0,0
BRDA:90,23,1,0
BRDA:92,24,0,0
BRDA:92,24,1,0
BRDA:98,25,0,0
BRDA:98,25,1,0
BRF:57
BRH:0
end_of_record
TN:
SF:src/routes/edgeRouter.ts
FN:5,(anonymous_0)
FN:7,(anonymous_1)
FN:22,(anonymous_2)
FN:60,(anonymous_3)
FN:74,(anonymous_4)
FN:135,(anonymous_5)
FNF:6
FNH:0
FNDA:0,(anonymous_0)
FNDA:0,(anonymous_1)
FNDA:0,(anonymous_2)
FNDA:0,(anonymous_3)
FNDA:0,(anonymous_4)
FNDA:0,(anonymous_5)
DA:2,0
DA:3,0
DA:4,0
DA:5,0
DA:6,0
DA:7,0
DA:8,0
DA:9,0
DA:10,0
DA:11,0
DA:12,0
DA:13,0
DA:15,0
DA:16,0
DA:19,0
DA:22,0
DA:24,0
DA:25,0
DA:26,0
DA:27,0
DA:28,0
DA:30,0
DA:31,0
DA:32,0
DA:34,0
DA:35,0
DA:36,0
DA:38,0
DA:39,0
DA:40,0
DA:42,0
DA:43,0
DA:44,0
DA:46,0
DA:47,0
DA:54,0
DA:57,0
DA:60,0
DA:61,0
DA:62,0
DA:63,0
DA:64,0
DA:65,0
DA:66,0
DA:68,0
DA:71,0
DA:74,0
DA:76,0
DA:77,0
DA:78,0
DA:79,0
DA:80,0
DA:81,0
DA:82,0
DA:84,0
DA:85,0
DA:86,0
DA:87,0
DA:89,0
DA:91,0
DA:92,0
DA:93,0
DA:94,0
DA:96,0
DA:98,0
DA:99,0
DA:100,0
DA:101,0
DA:103,0
DA:105,0
DA:106,0
DA:107,0
DA:108,0
DA:110,0
DA:112,0
DA:113,0
DA:114,0
DA:115,0
DA:117,0
DA:119,0
DA:120,0
DA:121,0
DA:123,0
DA:124,0
DA:125,0
DA:126,0
DA:127,0
DA:129,0
DA:132,0
DA:135,0
DA:136,0
DA:137,0
DA:138,0
DA:139,0
DA:142,0
DA:145,0
DA:147,0
LF:97
LH:0
BRDA:10,0,0,0
BRDA:10,0,1,0
BRDA:10,1,0,0
BRDA:10,1,1,0
BRDA:25,2,0,0
BRDA:25,2,1,0
BRDA:25,3,0,0
BRDA:25,3,1,0
BRDA:26,4,0,0
BRDA:26,4,1,0
BRDA:26,5,0,0
BRDA:26,5,1,0
BRDA:30,6,0,0
BRDA:30,6,1,0
BRDA:30,7,0,0
BRDA:30,7,1,0
BRDA:34,8,0,0
BRDA:34,8,1,0
BRDA:34,9,0,0
BRDA:34,9,1,0
BRDA:38,10,0,0
BRDA:38,10,1,0
BRDA:38,11,0,0
BRDA:38,11,1,0
BRDA:42,12,0,0
BRDA:42,12,1,0
BRDA:42,13,0,0
BRDA:42,13,1,0
BRDA:42,13,2,0
BRDA:42,13,3,0
BRDA:64,14,0,0
BRDA:64,14,1,0
BRDA:77,15,0,0
BRDA:77,15,1,0
BRDA:77,16,0,0
BRDA:77,16,1,0
BRDA:79,17,0,0
BRDA:79,17,1,0
BRDA:80,18,0,0
BRDA:80,18,1,0
BRDA:85,19,0,0
BRDA:85,19,1,0
BRDA:91,20,0,0
BRDA:91,20,1,0
BRDA:92,21,0,0
BRDA:92,21,1,0
BRDA:92,22,0,0
BRDA:92,22,1,0
BRDA:98,23,0,0
BRDA:98,23,1,0
BRDA:99,24,0,0
BRDA:99,24,1,0
BRDA:99,25,0,0
BRDA:99,25,1,0
BRDA:105,26,0,0
BRDA:105,26,1,0
BRDA:106,27,0,0
BRDA:106,27,1,0
BRDA:106,28,0,0
BRDA:106,28,1,0
BRDA:112,29,0,0
BRDA:112,29,1,0
BRDA:113,30,0,0
BRDA:113,30,1,0
BRDA:113,31,0,0
BRDA:113,31,1,0
BRDA:113,31,2,0
BRDA:119,32,0,0
BRDA:119,32,1,0
BRDA:125,33,0,0
BRDA:125,33,1,0
BRF:71
BRH:0
end_of_record
TN:
SF:src/routes/layerRouter.ts
FN:5,(anonymous_0)
FN:7,(anonymous_1)
FN:16,(anonymous_2)
FN:31,(anonymous_3)
FN:45,(anonymous_4)
FN:61,(anonymous_5)
FNF:6
FNH:0
FNDA:0,(anonymous_0)
FNDA:0,(anonymous_1)
FNDA:0,(anonymous_2)
FNDA:0,(anonymous_3)
FNDA:0,(anonymous_4)
FNDA:0,(anonymous_5)
DA:2,0
DA:3,0
DA:4,0
DA:5,0
DA:6,0
DA:7,0
DA:8,0
DA:9,0
DA:10,0
DA:13,0
DA:16,0
DA:18,0
DA:19,0
DA:20,0
DA:21,0
DA:23,0
DA:24,0
DA:25,0
DA:28,0
DA:31,0
DA:32,0
DA:33,0
DA:34,0
DA:35,0
DA:36,0
DA:37,0
DA:39,0
DA:42,0
DA:45,0
DA:47,0
DA:48,0
DA:49,0
DA:50,0
DA:51,0
DA:53,0
DA:54,0
DA:55,0
DA:58,0
DA:61,0
DA:62,0
DA:63,0
DA:64,0
DA:65,0
DA:68,0
DA:71,0
DA:73,0
LF:46
LH:0
BRDA:18,0,0,0
BRDA:18,0,1,0
BRDA:18,1,0,0
BRDA:18,1,1,0
BRDA:19,2,0,0
BRDA:19,2,1,0
BRDA:19,3,0,0
BRDA:19,3,1,0
BRDA:35,4,0,0
BRDA:35,4,1,0
BRDA:48,5,0,0
BRDA:48,5,1,0
BRDA:48,6,0,0
BRDA:48,6,1,0
BRDA:49,7,0,0
BRDA:49,7,1,0
BRDA:49,8,0,0
BRDA:49,8,1,0
BRF:18
BRH:0
end_of_record
TN:
SF:src/routes/metricsRouter.ts
FN:6,(anonymous_0)
FN:8,(anonymous_1)
FN:11,(anonymous_2)
FN:15,(anonymous_3)
FNF:4
FNH:0
FNDA:0,(anonymous_0)
FNDA:0,(anonymous_1)
FNDA:0,(anonymous_2)
FNDA:0,(anonymous_3)
DA:2,0
DA:3,0
DA:4,0
DA:5,0
DA:6,0
DA:7,0
DA:8,0
DA:9,0
DA:11,0
DA:12,0
DA:13,0
DA:15,0
DA:16,0
DA:17,0
DA:18,0
DA:21,0
DA:22,0
DA:24,0
DA:26,0
LF:19
LH:0
BRDA:16,0,0,0
BRDA:16,0,1,0
BRF:2
BRH:0
end_of_record
TN:
SF:src/routes/nodeRouter.ts
FN:5,(anonymous_0)
FN:7,(anonymous_1)
FN:35,(anonymous_2)
FN:49,(anonymous_3)
FN:61,(anonymous_4)
FN:71,(anonymous_5)
FN:114,(anonymous_6)
FN:124,(anonymous_7)
FN:140,(anonymous_8)
FN:153,(anonymous_9)
FN:163,(anonymous_10)
FN:173,(anonymous_11)
FNF:12
FNH:0
FNDA:0,(anonymous_0)
FNDA:0,(anonymous_1)
FNDA:0,(anonymous_2)
FNDA:0,(anonymous_3)
FNDA:0,(anonymous_4)
FNDA:0,(anonymous_5)
FNDA:0,(anonymous_6)
FNDA:0,(anonymous_7)
FNDA:0,(anonymous_8)
FNDA:0,(anonymous_9)
FNDA:0,(anonymous_10)
FNDA:0,(anonymous_11)
DA:2,0
DA:3,0
DA:4,0
DA:5,0
DA:6,0
DA:7,0
DA:9,0
DA:10,0
DA:11,0
DA:12,0
DA:13,0
DA:15,0
DA:16,0
DA:21,0
DA:29,0
DA:32,0
DA:35,0
DA:36,0
DA:37,0
DA:38,0
DA:39,0
DA:40,0
DA:41,0
DA:43,0
DA:46,0
DA:49,0
DA:50,0
DA:51,0
DA:52,0
DA:53,0
DA:54,0
DA:55,0
DA:58,0
DA:61,0
DA:62,0
DA:63,0
DA:64,0
DA:65,0
DA:68,0
DA:71,0
DA:73,0
DA:74,0
DA:75,0
DA:76,0
DA:77,0
DA:79,0
DA:80,0
DA:81,0
DA:82,0
DA:83,0
DA:85,0
DA:87,0
DA:88,0
DA:89,0
DA:91,0
DA:92,0
DA:95,0
DA:98,0
DA:99,0
DA:100,0
DA:102,0
DA:103,0
DA:104,0
DA:105,0
DA:106,0
DA:108,0
DA:111,0
DA:114,0
DA:115,0
DA:116,0
DA:117,0
DA:118,0
DA:121,0
DA:124,0
DA:125,0
DA:126,0
DA:127,0
DA:128,0
DA:129,0
DA:130,0
DA:132,0
DA:133,0
DA:134,0
DA:137,0
DA:140,0
DA:142,0
DA:143,0
DA:144,0
DA:145,0
DA:146,0
DA:147,0
DA:150,0
DA:153,0
DA:154,0
DA:155,0
DA:156,0
DA:157,0
DA:160,0
DA:163,0
DA:164,0
DA:165,0
DA:166,0
DA:167,0
DA:170,0
DA:173,0
DA:175,0
DA:176,0
DA:177,0
DA:178,0
DA:179,0
DA:181,0
DA:182,0
DA:183,0
DA:184,0
DA:186,0
DA:187,0
DA:188,0
DA:191,0
DA:194,0
DA:196,0
LF:120
LH:0
BRDA:10,0,0,0
BRDA:10,1,0,0
BRDA:10,1,1,0
BRDA:10,2,0,0
BRDA:10,2,1,0
BRDA:11,3,0,0
BRDA:11,3,1,0
BRDA:11,4,0,0
BRDA:11,4,1,0
BRDA:16,5,0,0
BRDA:16,5,1,0
BRDA:18,6,0,0
BRDA:18,6,1,0
BRDA:18,7,0,0
BRDA:18,7,1,0
BRDA:24,8,0,0
BRDA:24,8,1,0
BRDA:24,9,0,0
BRDA:24,9,1,0
BRDA:25,10,0,0
BRDA:25,10,1,0
BRDA:39,11,0,0
BRDA:39,11,1,0
BRDA:52,12,0,0
BRDA:52,12,1,0
BRDA:52,13,0,0
BRDA:52,13,1,0
BRDA:52,14,0,0
BRDA:52,14,1,0
BRDA:74,15,0,0
BRDA:74,15,1,0
BRDA:74,16,0,0
BRDA:74,16,1,0
BRDA:76,17,0,0
BRDA:76,17,1,0
BRDA:79,18,0,0
BRDA:79,18,1,0
BRDA:81,19,0,0
BRDA:81,19,1,0
BRDA:87,20,0,0
BRDA:87,20,1,0
BRDA:88,21,0,0
BRDA:88,21,1,0
BRDA:88,22,0,0
BRDA:88,22,1,0
BRDA:91,23,0,0
BRDA:91,23,1,0
BRDA:98,24,0,0
BRDA:98,24,1,0
BRDA:104,25,0,0
BRDA:104,25,1,0
BRDA:127,26,0,0
BRDA:127,26,1,0
BRDA:128,27,0,0
BRDA:128,27,1,0
BRDA:128,28,0,0
BRDA:128,28,1,0
BRDA:128,28,2,0
BRDA:133,29,0,0
BRDA:133,29,1,0
BRDA:143,30,0,0
BRDA:143,30,1,0
BRDA:143,31,0,0
BRDA:143,31,1,0
BRDA:144,32,0,0
BRDA:144,32,1,0
BRDA:144,33,0,0
BRDA:144,33,1,0
BRDA:144,33,2,0
BRDA:176,34,0,0
BRDA:176,34,1,0
BRDA:176,35,0,0
BRDA:176,35,1,0
BRDA:177,36,0,0
BRDA:177,36,1,0
BRDA:177,37,0,0
BRDA:177,37,1,0
BRDA:181,38,0,0
BRDA:181,38,1,0
BRDA:182,39,0,0
BRDA:182,39,1,0
BRF:81
BRH:0
end_of_record
TN:
SF:src/routes/treeRouter.ts
FN:5,(anonymous_0)
FN:7,(anonymous_1)
FN:16,(anonymous_2)
FN:31,(anonymous_3)
FN:47,(anonymous_4)
FNF:5
FNH:0
FNDA:0,(anonymous_0)
FNDA:0,(anonymous_1)
FNDA:0,(anonymous_2)
FNDA:0,(anonymous_3)
FNDA:0,(anonymous_4)
DA:2,0
DA:3,0
DA:4,0
DA:5,0
DA:6,0
DA:7,0
DA:8,0
DA:9,0
DA:10,0
DA:13,0
DA:16,0
DA:18,0
DA:19,0
DA:20,0
DA:21,0
DA:23,0
DA:24,0
DA:25,0
DA:28,0
DA:31,0
DA:33,0
DA:34,0
DA:35,0
DA:36,0
DA:37,0
DA:39,0
DA:40,0
DA:41,0
DA:44,0
DA:47,0
DA:48,0
DA:49,0
DA:50,0
DA:51,0
DA:54,0
DA:57,0
DA:59,0
LF:37
LH:0
BRDA:18,0,0,0
BRDA:18,0,1,0
BRDA:18,1,0,0
BRDA:18,1,1,0
BRDA:19,2,0,0
BRDA:19,2,1,0
BRDA:19,3,0,0
BRDA:19,3,1,0
BRDA:34,4,0,0
BRDA:34,4,1,0
BRDA:34,5,0,0
BRDA:34,5,1,0
BRDA:35,6,0,0
BRDA:35,6,1,0
BRDA:35,7,0,0
BRDA:35,7,1,0
BRF:16
BRH:0
end_of_record
